<?xml version="1.0" encoding="UTF-8"?>
<!-- Generated by org.testng.reporters.JUnitXMLReporter -->
<testsuite hostname="Ravikumars-MacBook-Pro.local" ignored="0" name="Default test" tests="2" failures="0" timestamp="01 Nov 2019 23:48:17 GMT" time="12.287" errors="0">
  <testcase name="feedPlaceNameToSearchTextBox" time="1.476" classname="com.seleniumcodingassignments.testcases.HomePageTest"/>
  <testcase name="validateSearchTextBoxPresence" time="0.648" classname="com.seleniumcodingassignments.testcases.HomePageTest"/>
</testsuite> <!-- Default test -->
