<?xml version="1.0" encoding="UTF-8"?>
<testng-results skipped="0" failed="0" ignored="0" total="2" passed="2">
  <reporter-output>
  </reporter-output>
  <suite name="Default suite" duration-ms="12287" started-at="2019-11-01T23:47:59Z" finished-at="2019-11-01T23:48:12Z">
    <groups>
    </groups>
    <test name="Default test" duration-ms="12287" started-at="2019-11-01T23:47:59Z" finished-at="2019-11-01T23:48:12Z">
      <class name="com.seleniumcodingassignments.testcases.HomePageTest">
        <test-method status="PASS" signature="init()[pri:0, instance:com.seleniumcodingassignments.testcases.HomePageTest@59f99ea]" name="init" is-config="true" duration-ms="6349" started-at="2019-11-01T16:47:59Z" finished-at="2019-11-01T16:48:06Z">
          <reporter-output>
          </reporter-output>
        </test-method> <!-- init -->
        <test-method status="PASS" signature="feedPlaceNameToSearchTextBox()[pri:0, instance:com.seleniumcodingassignments.testcases.HomePageTest@59f99ea]" name="feedPlaceNameToSearchTextBox" duration-ms="1476" started-at="2019-11-01T16:48:06Z" finished-at="2019-11-01T16:48:07Z">
          <reporter-output>
          </reporter-output>
        </test-method> <!-- feedPlaceNameToSearchTextBox -->
        <test-method status="PASS" signature="tearDown()[pri:0, instance:com.seleniumcodingassignments.testcases.HomePageTest@59f99ea]" name="tearDown" is-config="true" duration-ms="143" started-at="2019-11-01T16:48:07Z" finished-at="2019-11-01T16:48:07Z">
          <reporter-output>
          </reporter-output>
        </test-method> <!-- tearDown -->
        <test-method status="PASS" signature="init()[pri:0, instance:com.seleniumcodingassignments.testcases.HomePageTest@59f99ea]" name="init" is-config="true" duration-ms="3513" started-at="2019-11-01T16:48:07Z" finished-at="2019-11-01T16:48:11Z">
          <reporter-output>
          </reporter-output>
        </test-method> <!-- init -->
        <test-method status="PASS" signature="validateSearchTextBoxPresence()[pri:0, instance:com.seleniumcodingassignments.testcases.HomePageTest@59f99ea]" name="validateSearchTextBoxPresence" duration-ms="648" started-at="2019-11-01T16:48:11Z" finished-at="2019-11-01T16:48:11Z">
          <reporter-output>
          </reporter-output>
        </test-method> <!-- validateSearchTextBoxPresence -->
        <test-method status="PASS" signature="tearDown()[pri:0, instance:com.seleniumcodingassignments.testcases.HomePageTest@59f99ea]" name="tearDown" is-config="true" duration-ms="120" started-at="2019-11-01T16:48:11Z" finished-at="2019-11-01T16:48:12Z">
          <reporter-output>
          </reporter-output>
        </test-method> <!-- tearDown -->
      </class> <!-- com.seleniumcodingassignments.testcases.HomePageTest -->
    </test> <!-- Default test -->
  </suite> <!-- Default suite -->
</testng-results>
